
/home/runner/work/exp-error-detection-correction-iiith/exp-error-detection-correction-iiith/experiment/simulation/js/standard-array-construction.js
    1:10  warning  'page1' is defined but never used     no-unused-vars
   12:10  warning  'page2' is defined but never used     no-unused-vars
   24:10  warning  'i' is not defined                    no-undef
   24:17  warning  'i' is not defined                    no-undef
   24:35  warning  'i' is not defined                    no-undef
   25:13  warning  'i' is not defined                    no-undef
   25:24  warning  'i' is not defined                    no-undef
   25:35  warning  'i' is not defined                    no-undef
   39:10  warning  'check1' is defined but never used    no-unused-vars
   46:10  warning  'i' is not defined                    no-undef
   46:17  warning  'i' is not defined                    no-undef
   46:33  warning  'i' is not defined                    no-undef
   47:17  warning  'i' is not defined                    no-undef
   47:32  warning  'i' is not defined                    no-undef
  106:10  warning  'check2' is defined but never used    no-unused-vars
  114:10  warning  'i' is not defined                    no-undef
  114:17  warning  'i' is not defined                    no-undef
  114:33  warning  'i' is not defined                    no-undef
  115:17  warning  'i' is not defined                    no-undef
  115:32  warning  'i' is not defined                    no-undef
  181:10  warning  'check3' is defined but never used    no-unused-vars
  188:10  warning  'i' is not defined                    no-undef
  188:17  warning  'i' is not defined                    no-undef
  188:33  warning  'i' is not defined                    no-undef
  189:17  warning  'i' is not defined                    no-undef
  189:32  warning  'i' is not defined                    no-undef
  231:5   warning  'flag1' is not defined                no-undef
  233:9   warning  'flag1' is not defined                no-undef
  322:10  warning  'confirm1' is defined but never used  no-unused-vars
  397:10  warning  'confirm2' is defined but never used  no-unused-vars
  473:10  warning  'confirm3' is defined but never used  no-unused-vars
  549:10  warning  'confirm4' is defined but never used  no-unused-vars
  628:10  warning  'confirm5' is defined but never used  no-unused-vars
  707:10  warning  'confirm6' is defined but never used  no-unused-vars
  788:10  warning  'confirm7' is defined but never used  no-unused-vars

/home/runner/work/exp-error-detection-correction-iiith/exp-error-detection-correction-iiith/experiment/simulation/js/standard-array-decoding.js
    2:10  warning  'getNumber' is defined but never used  no-unused-vars
   20:10  warning  'check' is defined but never used      no-unused-vars
   29:10  warning  'i' is not defined                     no-undef
   29:17  warning  'i' is not defined                     no-undef
   29:34  warning  'i' is not defined                     no-undef
   30:18  warning  'i' is not defined                     no-undef
   30:34  warning  'i' is not defined                     no-undef
  141:10  warning  'i' is not defined                     no-undef
  141:17  warning  'i' is not defined                     no-undef
  141:35  warning  'i' is not defined                     no-undef
  142:13  warning  'i' is not defined                     no-undef
  142:24  warning  'i' is not defined                     no-undef
  142:35  warning  'i' is not defined                     no-undef

/home/runner/work/exp-error-detection-correction-iiith/exp-error-detection-correction-iiith/experiment/simulation/js/syndrome-decoding.js
    2:10  warning  'getNumber' is defined but never used  no-unused-vars
   20:10  warning  'check' is defined but never used      no-unused-vars
   29:10  warning  'i' is not defined                     no-undef
   29:17  warning  'i' is not defined                     no-undef
   29:34  warning  'i' is not defined                     no-undef
   30:18  warning  'i' is not defined                     no-undef
   30:34  warning  'i' is not defined                     no-undef
  131:10  warning  'i' is not defined                     no-undef
  131:17  warning  'i' is not defined                     no-undef
  131:35  warning  'i' is not defined                     no-undef
  132:13  warning  'i' is not defined                     no-undef
  132:24  warning  'i' is not defined                     no-undef
  132:35  warning  'i' is not defined                     no-undef

✖ 61 problems (0 errors, 61 warnings)

